Started GET "/" for 127.0.0.1 at 2018-03-15 22:43:09 +0000
  
ActiveRecord::NoDatabaseError (FATAL:  database "relationships_development" does not exist
):
  
activerecord (5.1.4) lib/active_record/connection_adapters/postgresql_adapter.rb:699:in `rescue in connect'
activerecord (5.1.4) lib/active_record/connection_adapters/postgresql_adapter.rb:695:in `connect'
activerecord (5.1.4) lib/active_record/connection_adapters/postgresql_adapter.rb:220:in `initialize'
activerecord (5.1.4) lib/active_record/connection_adapters/postgresql_adapter.rb:38:in `new'
activerecord (5.1.4) lib/active_record/connection_adapters/postgresql_adapter.rb:38:in `postgresql_connection'
activerecord (5.1.4) lib/active_record/connection_adapters/abstract/connection_pool.rb:759:in `new_connection'
activerecord (5.1.4) lib/active_record/connection_adapters/abstract/connection_pool.rb:803:in `checkout_new_connection'
activerecord (5.1.4) lib/active_record/connection_adapters/abstract/connection_pool.rb:782:in `try_to_checkout_new_connection'
activerecord (5.1.4) lib/active_record/connection_adapters/abstract/connection_pool.rb:743:in `acquire_connection'
activerecord (5.1.4) lib/active_record/connection_adapters/abstract/connection_pool.rb:500:in `checkout'
activerecord (5.1.4) lib/active_record/connection_adapters/abstract/connection_pool.rb:374:in `connection'
activerecord (5.1.4) lib/active_record/connection_adapters/abstract/connection_pool.rb:931:in `retrieve_connection'
activerecord (5.1.4) lib/active_record/connection_handling.rb:116:in `retrieve_connection'
activerecord (5.1.4) lib/active_record/connection_handling.rb:88:in `connection'
activerecord (5.1.4) lib/active_record/migration.rb:562:in `connection'
activerecord (5.1.4) lib/active_record/migration.rb:553:in `call'
actionpack (5.1.4) lib/action_dispatch/middleware/callbacks.rb:26:in `block in call'
activesupport (5.1.4) lib/active_support/callbacks.rb:97:in `run_callbacks'
actionpack (5.1.4) lib/action_dispatch/middleware/callbacks.rb:24:in `call'
actionpack (5.1.4) lib/action_dispatch/middleware/executor.rb:12:in `call'
actionpack (5.1.4) lib/action_dispatch/middleware/debug_exceptions.rb:59:in `call'
web-console (3.5.1) lib/web_console/middleware.rb:135:in `call_app'
web-console (3.5.1) lib/web_console/middleware.rb:28:in `block in call'
web-console (3.5.1) lib/web_console/middleware.rb:18:in `catch'
web-console (3.5.1) lib/web_console/middleware.rb:18:in `call'
actionpack (5.1.4) lib/action_dispatch/middleware/show_exceptions.rb:31:in `call'
railties (5.1.4) lib/rails/rack/logger.rb:36:in `call_app'
railties (5.1.4) lib/rails/rack/logger.rb:24:in `block in call'
activesupport (5.1.4) lib/active_support/tagged_logging.rb:69:in `block in tagged'
activesupport (5.1.4) lib/active_support/tagged_logging.rb:26:in `tagged'
activesupport (5.1.4) lib/active_support/tagged_logging.rb:69:in `tagged'
railties (5.1.4) lib/rails/rack/logger.rb:24:in `call'
sprockets-rails (3.2.1) lib/sprockets/rails/quiet_assets.rb:13:in `call'
actionpack (5.1.4) lib/action_dispatch/middleware/remote_ip.rb:79:in `call'
actionpack (5.1.4) lib/action_dispatch/middleware/request_id.rb:25:in `call'
rack (2.0.3) lib/rack/method_override.rb:22:in `call'
rack (2.0.3) lib/rack/runtime.rb:22:in `call'
activesupport (5.1.4) lib/active_support/cache/strategy/local_cache_middleware.rb:27:in `call'
actionpack (5.1.4) lib/action_dispatch/middleware/executor.rb:12:in `call'
actionpack (5.1.4) lib/action_dispatch/middleware/static.rb:125:in `call'
rack (2.0.3) lib/rack/sendfile.rb:111:in `call'
railties (5.1.4) lib/rails/engine.rb:522:in `call'
puma (3.11.0) lib/puma/configuration.rb:225:in `call'
puma (3.11.0) lib/puma/server.rb:624:in `handle_request'
puma (3.11.0) lib/puma/server.rb:438:in `process_client'
puma (3.11.0) lib/puma/server.rb:302:in `block in run'
puma (3.11.0) lib/puma/thread_pool.rb:120:in `block in spawn_thread'
  [1m[35m (67.2ms)[0m  [1m[35mCREATE TABLE "schema_migrations" ("version" character varying NOT NULL PRIMARY KEY)[0m
  [1m[35m (29.2ms)[0m  [1m[35mCREATE TABLE "ar_internal_metadata" ("key" character varying NOT NULL PRIMARY KEY, "value" character varying, "created_at" timestamp NOT NULL, "updated_at" timestamp NOT NULL)[0m
  [1m[35m (0.6ms)[0m  [1m[34mSELECT pg_try_advisory_lock(1722780441271968540)[0m
  [1m[35m (3.5ms)[0m  [1m[34mSELECT "schema_migrations"."version" FROM "schema_migrations" ORDER BY "schema_migrations"."version" ASC[0m
Migrating to CreateUsers (20171122120503)
  [1m[35m (0.4ms)[0m  [1m[35mBEGIN[0m
  [1m[35m (37.3ms)[0m  [1m[35mCREATE TABLE "users" ("id" bigserial primary key, "first_name" character varying, "last_name" character varying, "age" integer, "created_at" timestamp NOT NULL, "updated_at" timestamp NOT NULL)[0m
  [1m[35mSQL (1.1ms)[0m  [1m[32mINSERT INTO "schema_migrations" ("version") VALUES ($1) RETURNING "version"[0m  [["version", "20171122120503"]]
  [1m[35m (2.4ms)[0m  [1m[35mCOMMIT[0m
Migrating to CreateOrders (20171122120657)
  [1m[35m (6.0ms)[0m  [1m[35mBEGIN[0m
  [1m[35m (11.2ms)[0m  [1m[35mCREATE TABLE "orders" ("id" bigserial primary key, "total" integer, "user_id" integer, "created_at" timestamp NOT NULL, "updated_at" timestamp NOT NULL)[0m
  [1m[35mSQL (0.7ms)[0m  [1m[32mINSERT INTO "schema_migrations" ("version") VALUES ($1) RETURNING "version"[0m  [["version", "20171122120657"]]
  [1m[35m (5.0ms)[0m  [1m[35mCOMMIT[0m
  [1m[36mActiveRecord::InternalMetadata Load (0.7ms)[0m  [1m[34mSELECT  "ar_internal_metadata".* FROM "ar_internal_metadata" WHERE "ar_internal_metadata"."key" = $1 LIMIT $2[0m  [["key", "environment"], ["LIMIT", 1]]
  [1m[35m (0.2ms)[0m  [1m[35mBEGIN[0m
  [1m[35mSQL (0.7ms)[0m  [1m[32mINSERT INTO "ar_internal_metadata" ("key", "value", "created_at", "updated_at") VALUES ($1, $2, $3, $4) RETURNING "key"[0m  [["key", "environment"], ["value", "development"], ["created_at", "2018-03-15 22:44:02.672458"], ["updated_at", "2018-03-15 22:44:02.672458"]]
  [1m[35m (2.3ms)[0m  [1m[35mCOMMIT[0m
  [1m[35m (0.4ms)[0m  [1m[34mSELECT pg_advisory_unlock(1722780441271968540)[0m
  [1m[35m (0.6ms)[0m  [1m[34mSELECT "schema_migrations"."version" FROM "schema_migrations" ORDER BY "schema_migrations"."version" ASC[0m
Started GET "/" for 127.0.0.1 at 2018-03-15 22:44:19 +0000
  [1m[35m (1.3ms)[0m  [1m[34mSELECT "schema_migrations"."version" FROM "schema_migrations" ORDER BY "schema_migrations"."version" ASC[0m
Processing by UsersController#index as HTML
  Rendering users/index.html.erb within layouts/application
  [1m[36mUser Load (7.4ms)[0m  [1m[34mSELECT "users".* FROM "users"[0m
  Rendered users/index.html.erb within layouts/application (20.1ms)
Completed 200 OK in 445ms (Views: 400.6ms | ActiveRecord: 12.6ms)


Started GET "/orders" for 127.0.0.1 at 2018-03-15 22:44:25 +0000
Processing by OrdersController#index as HTML
  Rendering orders/index.html.erb within layouts/application
  [1m[36mOrder Load (4.4ms)[0m  [1m[34mSELECT "orders".* FROM "orders"[0m
  Rendered orders/index.html.erb within layouts/application (9.0ms)
Completed 200 OK in 58ms (Views: 26.6ms | ActiveRecord: 6.5ms)


Started GET "/users" for 127.0.0.1 at 2018-03-15 22:44:26 +0000
Processing by UsersController#index as HTML
  Rendering users/index.html.erb within layouts/application
  [1m[36mUser Load (0.6ms)[0m  [1m[34mSELECT "users".* FROM "users"[0m
  Rendered users/index.html.erb within layouts/application (11.8ms)
Completed 200 OK in 56ms (Views: 47.4ms | ActiveRecord: 0.6ms)


Started GET "/users/new" for 127.0.0.1 at 2018-03-15 22:44:28 +0000
Processing by UsersController#new as HTML
  Rendering users/new.html.erb within layouts/application
  Rendered users/_form.html.erb (51.1ms)
  Rendered users/new.html.erb within layouts/application (61.4ms)
Completed 200 OK in 127ms (Views: 97.6ms | ActiveRecord: 9.3ms)


Started POST "/users" for 127.0.0.1 at 2018-03-15 22:44:35 +0000
Processing by UsersController#create as HTML
  Parameters: {"utf8"=>"✓", "authenticity_token"=>"baxfKFF5Tfl3TaXSndwJJzMdl40Rx7u89yUV/8zTEwM74dRAP1/TzFFpSRJavuxqR4VFf/lz08yhbJtajMsPIQ==", "user"=>{"first_name"=>"Charles", "last_name"=>"Joshua", "age"=>"25"}, "commit"=>"Create User"}
  [1m[35m (0.2ms)[0m  [1m[35mBEGIN[0m
  [1m[35mSQL (1.4ms)[0m  [1m[32mINSERT INTO "users" ("first_name", "last_name", "age", "created_at", "updated_at") VALUES ($1, $2, $3, $4, $5) RETURNING "id"[0m  [["first_name", "Charles"], ["last_name", "Joshua"], ["age", 25], ["created_at", "2018-03-15 22:44:35.595882"], ["updated_at", "2018-03-15 22:44:35.595882"]]
  [1m[35m (9.3ms)[0m  [1m[35mCOMMIT[0m
Redirected to http://localhost:3000/users
Completed 302 Found in 16ms (ActiveRecord: 10.9ms)


Started GET "/users" for 127.0.0.1 at 2018-03-15 22:44:35 +0000
Processing by UsersController#index as HTML
  Rendering users/index.html.erb within layouts/application
  [1m[36mUser Load (0.9ms)[0m  [1m[34mSELECT "users".* FROM "users"[0m
  Rendered users/index.html.erb within layouts/application (7.4ms)
Completed 200 OK in 31ms (Views: 26.4ms | ActiveRecord: 0.9ms)


Started GET "/users/1" for 127.0.0.1 at 2018-03-15 22:44:38 +0000
Processing by UsersController#show as HTML
  Parameters: {"id"=>"1"}
  [1m[36mUser Load (0.4ms)[0m  [1m[34mSELECT  "users".* FROM "users" WHERE "users"."id" = $1 LIMIT $2[0m  [["id", 1], ["LIMIT", 1]]
  Rendering users/show.html.erb within layouts/application
  Rendered users/show.html.erb within layouts/application (1.0ms)
Completed 200 OK in 67ms (Views: 19.4ms | ActiveRecord: 0.7ms)


Started GET "/users" for 127.0.0.1 at 2018-03-15 22:44:39 +0000
Processing by UsersController#index as HTML
  Rendering users/index.html.erb within layouts/application
  [1m[36mUser Load (2.0ms)[0m  [1m[34mSELECT "users".* FROM "users"[0m
  Rendered users/index.html.erb within layouts/application (7.5ms)
Completed 200 OK in 48ms (Views: 40.9ms | ActiveRecord: 2.0ms)


Started GET "/orders" for 127.0.0.1 at 2018-03-15 22:44:40 +0000
Processing by OrdersController#index as HTML
  Rendering orders/index.html.erb within layouts/application
  [1m[36mOrder Load (0.6ms)[0m  [1m[34mSELECT "orders".* FROM "orders"[0m
  Rendered orders/index.html.erb within layouts/application (6.4ms)
Completed 200 OK in 46ms (Views: 40.4ms | ActiveRecord: 0.6ms)


Started GET "/orders/new" for 127.0.0.1 at 2018-03-15 22:44:41 +0000
Processing by OrdersController#new as HTML
  Rendering orders/new.html.erb within layouts/application
  [1m[36mUser Load (0.4ms)[0m  [1m[34mSELECT "users".* FROM "users"[0m
  Rendered orders/_form.html.erb (7.7ms)
  Rendered orders/new.html.erb within layouts/application (13.5ms)
Completed 200 OK in 92ms (Views: 37.6ms | ActiveRecord: 17.7ms)


Started POST "/orders" for 127.0.0.1 at 2018-03-15 22:44:48 +0000
Processing by OrdersController#create as HTML
  Parameters: {"utf8"=>"✓", "authenticity_token"=>"KbV/JI59CTiM4ckrJZS00fNKcrYXANGv/zNXAIB114Rr/zl+9YCvdz+TSetJGymJdek1RqDWQN7BUhzm/x5eYQ==", "order"=>{"total"=>"5", "user_id"=>"1"}, "commit"=>"Create Order"}
  [1m[35m (0.2ms)[0m  [1m[35mBEGIN[0m
  [1m[36mUser Load (0.5ms)[0m  [1m[34mSELECT  "users".* FROM "users" WHERE "users"."id" = $1 LIMIT $2[0m  [["id", 1], ["LIMIT", 1]]
  [1m[35mSQL (1.0ms)[0m  [1m[32mINSERT INTO "orders" ("total", "user_id", "created_at", "updated_at") VALUES ($1, $2, $3, $4) RETURNING "id"[0m  [["total", 5], ["user_id", 1], ["created_at", "2018-03-15 22:44:48.441551"], ["updated_at", "2018-03-15 22:44:48.441551"]]
  [1m[35m (5.8ms)[0m  [1m[35mCOMMIT[0m
Redirected to http://localhost:3000/orders
Completed 302 Found in 36ms (ActiveRecord: 7.5ms)


Started GET "/orders" for 127.0.0.1 at 2018-03-15 22:44:48 +0000
Processing by OrdersController#index as HTML
  Rendering orders/index.html.erb within layouts/application
  [1m[36mOrder Load (0.3ms)[0m  [1m[34mSELECT "orders".* FROM "orders"[0m
  Rendered orders/index.html.erb within layouts/application (2.4ms)
Completed 200 OK in 24ms (Views: 20.7ms | ActiveRecord: 0.3ms)


Started GET "/orders/1" for 127.0.0.1 at 2018-03-15 22:44:50 +0000
Processing by OrdersController#show as HTML
  Parameters: {"id"=>"1"}
  [1m[36mOrder Load (0.5ms)[0m  [1m[34mSELECT  "orders".* FROM "orders" WHERE "orders"."id" = $1 LIMIT $2[0m  [["id", 1], ["LIMIT", 1]]
  Rendering orders/show.html.erb within layouts/application
  Rendered orders/show.html.erb within layouts/application (1.5ms)
Completed 200 OK in 52ms (Views: 40.4ms | ActiveRecord: 0.5ms)


Started GET "/orders/1/edit" for 127.0.0.1 at 2018-03-15 22:44:53 +0000
Processing by OrdersController#edit as HTML
  Parameters: {"id"=>"1"}
  [1m[36mOrder Load (0.4ms)[0m  [1m[34mSELECT  "orders".* FROM "orders" WHERE "orders"."id" = $1 LIMIT $2[0m  [["id", 1], ["LIMIT", 1]]
  Rendering orders/edit.html.erb within layouts/application
  Rendered orders/_form.html.erb (17.1ms)
  Rendered orders/edit.html.erb within layouts/application (25.2ms)
Completed 500 Internal Server Error in 48ms (ActiveRecord: 0.4ms)


  
ActionView::Template::Error (undefined method `map' for nil:NilClass):
    16:   </div>
    17:   <div class="field">
    18:     <%= form.label :user_id %>
    19:     <%= collection_select(:order, :user_id, @users, :id, :first_name) %>
    20:   </div>
    21: 
    22:   <div class="actions">
  
app/views/orders/_form.html.erb:19:in `block in _app_views_orders__form_html_erb__3302858429057810976_70254049539640'
app/views/orders/_form.html.erb:1:in `_app_views_orders__form_html_erb__3302858429057810976_70254049539640'
app/views/orders/edit.html.erb:3:in `_app_views_orders_edit_html_erb___990399484721408350_70254049501820'
  [1m[35m (0.3ms)[0m  [1m[34mSELECT pg_try_advisory_lock(1722780441271968540)[0m
  [1m[35m (10.2ms)[0m  [1m[34mSELECT "schema_migrations"."version" FROM "schema_migrations" ORDER BY "schema_migrations"."version" ASC[0m
Migrating to AddProductIdToOrders (20180315225826)
  [1m[35m (0.4ms)[0m  [1m[35mBEGIN[0m
  [1m[35m (32.5ms)[0m  [1m[35mALTER TABLE "orders" ADD "product_id" integer[0m
  [1m[35mSQL (2.2ms)[0m  [1m[32mINSERT INTO "schema_migrations" ("version") VALUES ($1) RETURNING "version"[0m  [["version", "20180315225826"]]
  [1m[35m (3.8ms)[0m  [1m[35mCOMMIT[0m
Migrating to CreateProducts (20180315230026)
  [1m[35m (0.3ms)[0m  [1m[35mBEGIN[0m
  [1m[35m (37.6ms)[0m  [1m[35mCREATE TABLE "products" ("id" bigserial primary key, "name" character varying, "availability" character varying, "created_at" timestamp NOT NULL, "updated_at" timestamp NOT NULL)[0m
  [1m[35mSQL (0.9ms)[0m  [1m[32mINSERT INTO "schema_migrations" ("version") VALUES ($1) RETURNING "version"[0m  [["version", "20180315230026"]]
  [1m[35m (2.7ms)[0m  [1m[35mCOMMIT[0m
  [1m[36mActiveRecord::InternalMetadata Load (0.5ms)[0m  [1m[34mSELECT  "ar_internal_metadata".* FROM "ar_internal_metadata" WHERE "ar_internal_metadata"."key" = $1 LIMIT $2[0m  [["key", "environment"], ["LIMIT", 1]]
  [1m[35m (0.3ms)[0m  [1m[35mBEGIN[0m
  [1m[35m (0.2ms)[0m  [1m[35mCOMMIT[0m
  [1m[35m (0.3ms)[0m  [1m[34mSELECT pg_advisory_unlock(1722780441271968540)[0m
  [1m[35m (0.4ms)[0m  [1m[34mSELECT "schema_migrations"."version" FROM "schema_migrations" ORDER BY "schema_migrations"."version" ASC[0m
  [1m[35m (0.4ms)[0m  [1m[35mBEGIN[0m
  [1m[35mSQL (1.6ms)[0m  [1m[32mINSERT INTO "users" ("first_name", "last_name", "age", "created_at", "updated_at") VALUES ($1, $2, $3, $4, $5) RETURNING "id"[0m  [["first_name", "Charles"], ["last_name", "Joshua"], ["age", 25], ["created_at", "2018-03-15 23:02:48.011627"], ["updated_at", "2018-03-15 23:02:48.011627"]]
  [1m[35m (6.6ms)[0m  [1m[35mCOMMIT[0m
  [1m[35m (0.4ms)[0m  [1m[35mBEGIN[0m
  [1m[35mSQL (26.6ms)[0m  [1m[32mINSERT INTO "products" ("name", "availability", "created_at", "updated_at") VALUES ($1, $2, $3, $4) RETURNING "id"[0m  [["name", "Rice"], ["availability", "Low"], ["created_at", "2018-03-15 23:05:21.416872"], ["updated_at", "2018-03-15 23:05:21.416872"]]
  [1m[35m (2.5ms)[0m  [1m[35mCOMMIT[0m
  [1m[35m (0.7ms)[0m  [1m[35mBEGIN[0m
  [1m[35m (0.3ms)[0m  [1m[31mROLLBACK[0m
  [1m[35m (1.9ms)[0m  [1m[34mSELECT "schema_migrations"."version" FROM "schema_migrations" ORDER BY "schema_migrations"."version" ASC[0m
  [1m[35m (0.5ms)[0m  [1m[34mSELECT "ar_internal_metadata"."value" FROM "ar_internal_metadata" WHERE "ar_internal_metadata"."key" = $1[0m  [["key", "environment"]]
  [1m[35m (0.4ms)[0m  [1m[34mSELECT "schema_migrations"."version" FROM "schema_migrations" ORDER BY "schema_migrations"."version" ASC[0m
  [1m[35m (0.3ms)[0m  [1m[34mSELECT "ar_internal_metadata"."value" FROM "ar_internal_metadata" WHERE "ar_internal_metadata"."key" = $1[0m  [["key", "environment"]]
  [1m[35m (0.4ms)[0m  [1m[34mSELECT "schema_migrations"."version" FROM "schema_migrations" ORDER BY "schema_migrations"."version" ASC[0m
  [1m[35m (0.3ms)[0m  [1m[34mSELECT "ar_internal_metadata"."value" FROM "ar_internal_metadata" WHERE "ar_internal_metadata"."key" = $1[0m  [["key", "environment"]]
  [1m[35m (249.9ms)[0m  [1m[35mDROP DATABASE IF EXISTS "relationships_development"[0m
  [1m[35m (197.5ms)[0m  [1m[35mDROP DATABASE IF EXISTS "relationships_test"[0m
  [1m[35m (499.6ms)[0m  [1m[35mCREATE DATABASE "relationships_development" ENCODING = 'unicode'[0m
  [1m[35m (627.6ms)[0m  [1m[35mCREATE DATABASE "relationships_test" ENCODING = 'unicode'[0m
  [1m[35m (12.2ms)[0m  [1m[35mCREATE TABLE "schema_migrations" ("version" character varying NOT NULL PRIMARY KEY)[0m
  [1m[35m (10.0ms)[0m  [1m[35mCREATE TABLE "ar_internal_metadata" ("key" character varying NOT NULL PRIMARY KEY, "value" character varying, "created_at" timestamp NOT NULL, "updated_at" timestamp NOT NULL)[0m
  [1m[35m (0.6ms)[0m  [1m[34mSELECT pg_try_advisory_lock(1722780441271968540)[0m
  [1m[35m (1.1ms)[0m  [1m[34mSELECT "schema_migrations"."version" FROM "schema_migrations" ORDER BY "schema_migrations"."version" ASC[0m
Migrating to CreateUsers (20171122120503)
  [1m[35m (0.3ms)[0m  [1m[35mBEGIN[0m
  [1m[35m (17.9ms)[0m  [1m[35mCREATE TABLE "users" ("id" bigserial primary key, "first_name" character varying, "last_name" character varying, "age" integer, "created_at" timestamp NOT NULL, "updated_at" timestamp NOT NULL)[0m
  [1m[35mSQL (1.2ms)[0m  [1m[32mINSERT INTO "schema_migrations" ("version") VALUES ($1) RETURNING "version"[0m  [["version", "20171122120503"]]
  [1m[35m (6.3ms)[0m  [1m[35mCOMMIT[0m
Migrating to CreateOrders (20171122120657)
  [1m[35m (5.9ms)[0m  [1m[35mBEGIN[0m
  [1m[35m (14.5ms)[0m  [1m[35mCREATE TABLE "orders" ("id" bigserial primary key, "total" integer, "user_id" integer, "created_at" timestamp NOT NULL, "updated_at" timestamp NOT NULL)[0m
  [1m[35mSQL (1.0ms)[0m  [1m[32mINSERT INTO "schema_migrations" ("version") VALUES ($1) RETURNING "version"[0m  [["version", "20171122120657"]]
  [1m[35m (5.6ms)[0m  [1m[35mCOMMIT[0m
Migrating to AddProductIdToOrders (20180315225826)
  [1m[35m (6.2ms)[0m  [1m[35mBEGIN[0m
  [1m[35m (0.8ms)[0m  [1m[35mALTER TABLE "orders" ADD "product_id" integer[0m
  [1m[35mSQL (0.5ms)[0m  [1m[32mINSERT INTO "schema_migrations" ("version") VALUES ($1) RETURNING "version"[0m  [["version", "20180315225826"]]
  [1m[35m (11.3ms)[0m  [1m[35mCOMMIT[0m
Migrating to CreateProducts (20180315230026)
  [1m[35m (0.3ms)[0m  [1m[35mBEGIN[0m
  [1m[35m (23.2ms)[0m  [1m[35mCREATE TABLE "products" ("id" bigserial primary key, "name" character varying, "availability" character varying, "created_at" timestamp NOT NULL, "updated_at" timestamp NOT NULL)[0m
  [1m[35mSQL (0.7ms)[0m  [1m[32mINSERT INTO "schema_migrations" ("version") VALUES ($1) RETURNING "version"[0m  [["version", "20180315230026"]]
  [1m[35m (5.9ms)[0m  [1m[35mCOMMIT[0m
  [1m[36mActiveRecord::InternalMetadata Load (0.9ms)[0m  [1m[34mSELECT  "ar_internal_metadata".* FROM "ar_internal_metadata" WHERE "ar_internal_metadata"."key" = $1 LIMIT $2[0m  [["key", "environment"], ["LIMIT", 1]]
  [1m[35m (0.3ms)[0m  [1m[35mBEGIN[0m
  [1m[35mSQL (1.1ms)[0m  [1m[32mINSERT INTO "ar_internal_metadata" ("key", "value", "created_at", "updated_at") VALUES ($1, $2, $3, $4) RETURNING "key"[0m  [["key", "environment"], ["value", "development"], ["created_at", "2018-03-15 23:09:28.595098"], ["updated_at", "2018-03-15 23:09:28.595098"]]
  [1m[35m (6.2ms)[0m  [1m[35mCOMMIT[0m
  [1m[35m (0.5ms)[0m  [1m[34mSELECT pg_advisory_unlock(1722780441271968540)[0m
  [1m[35m (0.5ms)[0m  [1m[34mSELECT "schema_migrations"."version" FROM "schema_migrations" ORDER BY "schema_migrations"."version" ASC[0m
  [1m[35m (0.4ms)[0m  [1m[35mBEGIN[0m
  [1m[35mSQL (1.8ms)[0m  [1m[32mINSERT INTO "users" ("first_name", "last_name", "age", "created_at", "updated_at") VALUES ($1, $2, $3, $4, $5) RETURNING "id"[0m  [["first_name", "Charles"], ["last_name", "Joshua"], ["age", 25], ["created_at", "2018-03-15 23:11:12.213105"], ["updated_at", "2018-03-15 23:11:12.213105"]]
  [1m[35m (2.5ms)[0m  [1m[35mCOMMIT[0m
  [1m[35m (0.4ms)[0m  [1m[35mBEGIN[0m
  [1m[35mSQL (2.0ms)[0m  [1m[32mINSERT INTO "products" ("name", "availability", "created_at", "updated_at") VALUES ($1, $2, $3, $4) RETURNING "id"[0m  [["name", "Rice"], ["availability", "Low"], ["created_at", "2018-03-15 23:12:18.442868"], ["updated_at", "2018-03-15 23:12:18.442868"]]
  [1m[35m (0.8ms)[0m  [1m[35mCOMMIT[0m
  [1m[35m (0.4ms)[0m  [1m[35mBEGIN[0m
  [1m[35m (0.5ms)[0m  [1m[31mROLLBACK[0m
  [1m[35m (0.4ms)[0m  [1m[35mBEGIN[0m
  [1m[35m (0.3ms)[0m  [1m[31mROLLBACK[0m
  [1m[35m (0.3ms)[0m  [1m[35mBEGIN[0m
  [1m[35m (0.3ms)[0m  [1m[31mROLLBACK[0m
Started GET "/" for 127.0.0.1 at 2018-03-16 06:53:22 +0000
  [1m[35m (19.9ms)[0m  [1m[34mSELECT "schema_migrations"."version" FROM "schema_migrations" ORDER BY "schema_migrations"."version" ASC[0m
Processing by UsersController#index as HTML
  Rendering users/index.html.erb within layouts/application
  [1m[36mUser Load (27.9ms)[0m  [1m[34mSELECT "users".* FROM "users"[0m
  Rendered users/index.html.erb within layouts/application (83.3ms)
Completed 200 OK in 1119ms (Views: 1026.7ms | ActiveRecord: 57.3ms)


Started GET "/orders" for 127.0.0.1 at 2018-03-16 06:53:29 +0000
Processing by OrdersController#index as HTML
  Rendering orders/index.html.erb within layouts/application
  [1m[36mOrder Load (7.3ms)[0m  [1m[34mSELECT "orders".* FROM "orders"[0m
  Rendered orders/index.html.erb within layouts/application (37.0ms)
Completed 200 OK in 106ms (Views: 43.0ms | ActiveRecord: 24.2ms)


Started GET "/users" for 127.0.0.1 at 2018-03-16 06:53:30 +0000
Processing by UsersController#index as HTML
  Rendering users/index.html.erb within layouts/application
  [1m[36mUser Load (2.3ms)[0m  [1m[34mSELECT "users".* FROM "users"[0m
  Rendered users/index.html.erb within layouts/application (8.5ms)
Completed 200 OK in 57ms (Views: 48.7ms | ActiveRecord: 2.3ms)


Started GET "/orders" for 127.0.0.1 at 2018-03-16 06:54:16 +0000
Processing by OrdersController#index as HTML
  Rendering orders/index.html.erb within layouts/application
  [1m[36mOrder Load (2.3ms)[0m  [1m[34mSELECT "orders".* FROM "orders"[0m
  Rendered orders/index.html.erb within layouts/application (4.3ms)
Completed 200 OK in 51ms (Views: 43.4ms | ActiveRecord: 2.3ms)


Started GET "/orders" for 127.0.0.1 at 2018-03-16 06:56:04 +0000
Processing by OrdersController#index as HTML
  Rendering orders/index.html.erb within layouts/application
  [1m[36mOrder Load (0.4ms)[0m  [1m[34mSELECT "orders".* FROM "orders"[0m
  Rendered orders/index.html.erb within layouts/application (2.7ms)
Completed 200 OK in 78ms (Views: 72.2ms | ActiveRecord: 0.4ms)


Started GET "/products" for 127.0.0.1 at 2018-03-16 06:56:06 +0000
Processing by ProductsController#index as HTML
Completed 406 Not Acceptable in 119ms (ActiveRecord: 0.0ms)


  
ActionController::UnknownFormat (ProductsController#index is missing a template for this request format and variant.

request.formats: ["text/html"]
request.variant: []

NOTE! For XHR/Ajax or API requests, this action would normally respond with 204 No Content: an empty white screen. Since you're loading it in a web browser, we assume that you expected to actually render a template, not nothing, so we're showing an error to be extra-clear. If you expect 204 No Content, carry on. That's what you'll get from an XHR or API request. Give it a shot.):
  
actionpack (5.1.4) lib/action_controller/metal/implicit_render.rb:53:in `default_render'
actionpack (5.1.4) lib/action_controller/metal/basic_implicit_render.rb:4:in `block in send_action'
actionpack (5.1.4) lib/action_controller/metal/basic_implicit_render.rb:4:in `tap'
actionpack (5.1.4) lib/action_controller/metal/basic_implicit_render.rb:4:in `send_action'
actionpack (5.1.4) lib/abstract_controller/base.rb:186:in `process_action'
actionpack (5.1.4) lib/action_controller/metal/rendering.rb:30:in `process_action'
actionpack (5.1.4) lib/abstract_controller/callbacks.rb:20:in `block in process_action'
activesupport (5.1.4) lib/active_support/callbacks.rb:131:in `run_callbacks'
actionpack (5.1.4) lib/abstract_controller/callbacks.rb:19:in `process_action'
actionpack (5.1.4) lib/action_controller/metal/rescue.rb:20:in `process_action'
actionpack (5.1.4) lib/action_controller/metal/instrumentation.rb:32:in `block in process_action'
activesupport (5.1.4) lib/active_support/notifications.rb:166:in `block in instrument'
activesupport (5.1.4) lib/active_support/notifications/instrumenter.rb:21:in `instrument'
activesupport (5.1.4) lib/active_support/notifications.rb:166:in `instrument'
actionpack (5.1.4) lib/action_controller/metal/instrumentation.rb:30:in `process_action'
actionpack (5.1.4) lib/action_controller/metal/params_wrapper.rb:252:in `process_action'
activerecord (5.1.4) lib/active_record/railties/controller_runtime.rb:22:in `process_action'
actionpack (5.1.4) lib/abstract_controller/base.rb:124:in `process'
actionview (5.1.4) lib/action_view/rendering.rb:30:in `process'
actionpack (5.1.4) lib/action_controller/metal.rb:189:in `dispatch'
actionpack (5.1.4) lib/action_controller/metal.rb:253:in `dispatch'
actionpack (5.1.4) lib/action_dispatch/routing/route_set.rb:49:in `dispatch'
actionpack (5.1.4) lib/action_dispatch/routing/route_set.rb:31:in `serve'
actionpack (5.1.4) lib/action_dispatch/journey/router.rb:50:in `block in serve'
actionpack (5.1.4) lib/action_dispatch/journey/router.rb:33:in `each'
actionpack (5.1.4) lib/action_dispatch/journey/router.rb:33:in `serve'
actionpack (5.1.4) lib/action_dispatch/routing/route_set.rb:834:in `call'
rack (2.0.3) lib/rack/etag.rb:25:in `call'
rack (2.0.3) lib/rack/conditional_get.rb:25:in `call'
rack (2.0.3) lib/rack/head.rb:12:in `call'
rack (2.0.3) lib/rack/session/abstract/id.rb:232:in `context'
rack (2.0.3) lib/rack/session/abstract/id.rb:226:in `call'
actionpack (5.1.4) lib/action_dispatch/middleware/cookies.rb:613:in `call'
activerecord (5.1.4) lib/active_record/migration.rb:556:in `call'
actionpack (5.1.4) lib/action_dispatch/middleware/callbacks.rb:26:in `block in call'
activesupport (5.1.4) lib/active_support/callbacks.rb:97:in `run_callbacks'
actionpack (5.1.4) lib/action_dispatch/middleware/callbacks.rb:24:in `call'
actionpack (5.1.4) lib/action_dispatch/middleware/executor.rb:12:in `call'
actionpack (5.1.4) lib/action_dispatch/middleware/debug_exceptions.rb:59:in `call'
web-console (3.5.1) lib/web_console/middleware.rb:135:in `call_app'
web-console (3.5.1) lib/web_console/middleware.rb:28:in `block in call'
web-console (3.5.1) lib/web_console/middleware.rb:18:in `catch'
web-console (3.5.1) lib/web_console/middleware.rb:18:in `call'
actionpack (5.1.4) lib/action_dispatch/middleware/show_exceptions.rb:31:in `call'
railties (5.1.4) lib/rails/rack/logger.rb:36:in `call_app'
railties (5.1.4) lib/rails/rack/logger.rb:24:in `block in call'
activesupport (5.1.4) lib/active_support/tagged_logging.rb:69:in `block in tagged'
activesupport (5.1.4) lib/active_support/tagged_logging.rb:26:in `tagged'
activesupport (5.1.4) lib/active_support/tagged_logging.rb:69:in `tagged'
railties (5.1.4) lib/rails/rack/logger.rb:24:in `call'
sprockets-rails (3.2.1) lib/sprockets/rails/quiet_assets.rb:13:in `call'
actionpack (5.1.4) lib/action_dispatch/middleware/remote_ip.rb:79:in `call'
actionpack (5.1.4) lib/action_dispatch/middleware/request_id.rb:25:in `call'
rack (2.0.3) lib/rack/method_override.rb:22:in `call'
rack (2.0.3) lib/rack/runtime.rb:22:in `call'
activesupport (5.1.4) lib/active_support/cache/strategy/local_cache_middleware.rb:27:in `call'
actionpack (5.1.4) lib/action_dispatch/middleware/executor.rb:12:in `call'
actionpack (5.1.4) lib/action_dispatch/middleware/static.rb:125:in `call'
rack (2.0.3) lib/rack/sendfile.rb:111:in `call'
railties (5.1.4) lib/rails/engine.rb:522:in `call'
puma (3.11.0) lib/puma/configuration.rb:225:in `call'
puma (3.11.0) lib/puma/server.rb:624:in `handle_request'
puma (3.11.0) lib/puma/server.rb:438:in `process_client'
puma (3.11.0) lib/puma/server.rb:302:in `block in run'
puma (3.11.0) lib/puma/thread_pool.rb:120:in `block in spawn_thread'
Started GET "/orders" for 127.0.0.1 at 2018-03-16 06:56:12 +0000
Processing by OrdersController#index as HTML
  Rendering orders/index.html.erb within layouts/application
  [1m[36mOrder Load (0.4ms)[0m  [1m[34mSELECT "orders".* FROM "orders"[0m
  Rendered orders/index.html.erb within layouts/application (2.1ms)
Completed 200 OK in 28ms (Views: 23.9ms | ActiveRecord: 0.4ms)


Started GET "/" for 127.0.0.1 at 2018-03-16 07:04:08 +0000
Processing by UsersController#index as HTML
  Rendering users/index.html.erb within layouts/application
  [1m[36mUser Load (0.5ms)[0m  [1m[34mSELECT "users".* FROM "users"[0m
  Rendered users/index.html.erb within layouts/application (3.3ms)
Completed 200 OK in 81ms (Views: 76.3ms | ActiveRecord: 0.5ms)


Started GET "/products" for 127.0.0.1 at 2018-03-16 07:04:11 +0000
Processing by ProductsController#index as HTML
  Rendering products/index.html.erb within layouts/application
  Rendered products/index.html.erb within layouts/application (10.7ms)
Completed 500 Internal Server Error in 27ms (ActiveRecord: 0.0ms)


  
ActionView::Template::Error (undefined method `each' for nil:NilClass):
    10:   </thead>
    11: 
    12:   <tbody>
    13:     <% @products.each do |products| %>
    14:       <tr>
    15:         <td><%= products.name %></td>
    16:         <td><%= products.availablity %></td>
  
app/views/products/index.html.erb:13:in `_app_views_products_index_html_erb___1053950989610845513_70171946933800'
Started GET "/" for 127.0.0.1 at 2018-03-16 07:04:15 +0000
Processing by UsersController#index as HTML
  Rendering users/index.html.erb within layouts/application
  [1m[36mUser Load (0.3ms)[0m  [1m[34mSELECT "users".* FROM "users"[0m
  Rendered users/index.html.erb within layouts/application (2.9ms)
Completed 200 OK in 51ms (Views: 47.5ms | ActiveRecord: 0.3ms)


Started GET "/" for 127.0.0.1 at 2018-03-16 07:04:31 +0000
Processing by UsersController#index as HTML
  Rendering users/index.html.erb within layouts/application
  [1m[36mUser Load (0.4ms)[0m  [1m[34mSELECT "users".* FROM "users"[0m
  Rendered users/index.html.erb within layouts/application (2.5ms)
Completed 200 OK in 32ms (Views: 28.6ms | ActiveRecord: 0.4ms)


Started GET "/products" for 127.0.0.1 at 2018-03-16 07:04:33 +0000
Processing by ProductsController#index as HTML
  Rendering products/index.html.erb within layouts/application
  Rendered products/index.html.erb within layouts/application (6.8ms)
Completed 500 Internal Server Error in 21ms (ActiveRecord: 0.0ms)


  
ActionView::Template::Error (undefined method `each' for nil:NilClass):
    10:   </thead>
    11: 
    12:   <tbody>
    13:     <% @product.each do |product| %>
    14:       <tr>
    15:         <td><%= product.name %></td>
    16:         <td><%= product.availablity %></td>
  
app/views/products/index.html.erb:13:in `_app_views_products_index_html_erb___1053950989610845513_70171953904320'
Started GET "/" for 127.0.0.1 at 2018-03-16 07:04:37 +0000
Processing by UsersController#index as HTML
  Rendering users/index.html.erb within layouts/application
  [1m[36mUser Load (0.5ms)[0m  [1m[34mSELECT "users".* FROM "users"[0m
  Rendered users/index.html.erb within layouts/application (3.7ms)
Completed 200 OK in 31ms (Views: 27.3ms | ActiveRecord: 0.5ms)


Started GET "/orders" for 127.0.0.1 at 2018-03-16 07:05:04 +0000
Processing by OrdersController#index as HTML
  Rendering orders/index.html.erb within layouts/application
  [1m[36mOrder Load (0.5ms)[0m  [1m[34mSELECT "orders".* FROM "orders"[0m
  Rendered orders/index.html.erb within layouts/application (5.6ms)
Completed 200 OK in 54ms (Views: 46.3ms | ActiveRecord: 0.5ms)


Started GET "/users" for 127.0.0.1 at 2018-03-16 07:05:06 +0000
Processing by UsersController#index as HTML
  Rendering users/index.html.erb within layouts/application
  [1m[36mUser Load (2.8ms)[0m  [1m[34mSELECT "users".* FROM "users"[0m
  Rendered users/index.html.erb within layouts/application (20.4ms)
Completed 200 OK in 56ms (Views: 49.4ms | ActiveRecord: 2.8ms)


Started GET "/users/1" for 127.0.0.1 at 2018-03-16 07:05:07 +0000
Processing by UsersController#show as HTML
  Parameters: {"id"=>"1"}
Completed 500 Internal Server Error in 3ms (ActiveRecord: 0.0ms)


  
NoMethodError (undefined method `orders' for nil:NilClass):
  
app/controllers/users_controller.rb:9:in `show'
Started GET "/users" for 127.0.0.1 at 2018-03-16 07:05:13 +0000
Processing by UsersController#index as HTML
  Rendering users/index.html.erb within layouts/application
  [1m[36mUser Load (0.5ms)[0m  [1m[34mSELECT "users".* FROM "users"[0m
  Rendered users/index.html.erb within layouts/application (2.5ms)
Completed 200 OK in 27ms (Views: 23.8ms | ActiveRecord: 0.5ms)


Started GET "/users/1/edit" for 127.0.0.1 at 2018-03-16 07:05:15 +0000
Processing by UsersController#edit as HTML
  Parameters: {"id"=>"1"}
  Rendering users/edit.html.erb within layouts/application
  Rendered users/_form.html.erb (7.9ms)
  Rendered users/edit.html.erb within layouts/application (15.6ms)
Completed 500 Internal Server Error in 35ms (ActiveRecord: 0.0ms)


  
ActionView::Template::Error (undefined method `errors' for nil:NilClass):
    1: <%= form_with(model: user, local: true) do |form| %>
    2:   <% if user.errors.any? %>
    3:     <div id="error_explanation">
    4:       <h2><%= pluralize(user.errors.count, "error") %> prohibited this user from being saved:</h2>
    5: 
  
app/views/users/_form.html.erb:2:in `block in _app_views_users__form_html_erb__1111771200325512871_70171994351920'
app/views/users/_form.html.erb:1:in `_app_views_users__form_html_erb__1111771200325512871_70171994351920'
app/views/users/edit.html.erb:3:in `_app_views_users_edit_html_erb__1454609553430863246_70171994386360'
Started GET "/users" for 127.0.0.1 at 2018-03-16 07:05:23 +0000
Processing by UsersController#index as HTML
  Rendering users/index.html.erb within layouts/application
  [1m[36mUser Load (0.4ms)[0m  [1m[34mSELECT "users".* FROM "users"[0m
  Rendered users/index.html.erb within layouts/application (2.2ms)
Completed 200 OK in 26ms (Views: 20.6ms | ActiveRecord: 0.4ms)


